<?xml version="1.0" encoding="UTF-8"?>
<!-- Generated by org.testng.reporters.JUnitReportReporter -->
<testsuite hostname="Giteshp-lap007" failures="0" tests="2" name="STPL_TestCases.ODT_Page_Test" time="44.758" errors="0" timestamp="12 Apr 2022 11:52:07 GMT">
  <testcase classname="STPL_TestCases.ODT_Page_Test" name="validODT" time="22.885"/>
  <testcase classname="STPL_TestCases.ODT_Page_Test" name="ODTInvalid" time="21.873"/>
</testsuite> <!-- STPL_TestCases.ODT_Page_Test -->
