<?xml version="1.0" encoding="UTF-8"?>
<!-- Generated by org.testng.reporters.JUnitReportReporter -->
<testsuite hostname="Giteshp-lap007" failures="0" tests="1" name="STPL_TestCases.STPL_Testing" time="14.242" errors="0" timestamp="26 May 2022 14:42:09 GMT">
  <testcase classname="STPL_TestCases.STPL_Testing" name="imageTest" time="14.242"/>
</testsuite> <!-- STPL_TestCases.STPL_Testing -->
