<?xml version="1.0" encoding="UTF-8"?>
<!-- Generated by org.testng.reporters.JUnitReportReporter -->
<testsuite hostname="Giteshp-lap007" failures="0" tests="1" name="STPL_TestCases.Test_Asset_Report" time="42.691" errors="0" timestamp="29 Jul 2022 09:39:56 GMT">
  <testcase classname="STPL_TestCases.Test_Asset_Report" name="InstallationReport" time="42.691"/>
</testsuite> <!-- STPL_TestCases.Test_Asset_Report -->
