<?xml version="1.0" encoding="UTF-8"?>
<!-- Generated by org.testng.reporters.JUnitReportReporter -->
<testsuite hostname="Giteshp-lap007" failures="0" tests="1" name="STPL_TestCases.Non_financial_Test" time="64.185" errors="0" timestamp="29 Jul 2022 09:41:37 GMT">
  <testcase classname="STPL_TestCases.Non_financial_Test" name="NonfinacialTest" time="64.185"/>
</testsuite> <!-- STPL_TestCases.Non_financial_Test -->
