<?xml version="1.0" encoding="UTF-8"?>
<!-- Generated by org.testng.reporters.JUnitReportReporter -->
<testsuite hostname="Giteshp-lap007" failures="0" tests="1" name="STPL_TestCases.STPL_Report" time="91.272" errors="0" timestamp="24 Jun 2022 05:27:38 GMT">
  <testcase classname="STPL_TestCases.STPL_Report" name="backgroundclick" time="91.272"/>
</testsuite> <!-- STPL_TestCases.STPL_Report -->
