<?xml version="1.0" encoding="UTF-8"?>
<!-- Generated by org.testng.reporters.JUnitReportReporter -->
<testsuite hostname="Giteshp-lap007" failures="0" tests="1" name="STPL_TestCases.STPL_Home_Test" time="64.999" errors="0" timestamp="12 May 2022 11:48:52 GMT">
  <testcase classname="STPL_TestCases.STPL_Home_Test" name="Nonfinance" time="64.999"/>
</testsuite> <!-- STPL_TestCases.STPL_Home_Test -->
