<?xml version="1.0" encoding="UTF-8"?>
<!-- Generated by org.testng.reporters.JUnitReportReporter -->
<testsuite hostname="Giteshp-lap007" failures="0" tests="1" name="STPL_TestCases.CorpSelectTest" time="44.618" errors="0" timestamp="14 May 2022 06:03:05 GMT">
  <testcase classname="STPL_TestCases.CorpSelectTest" name="LoginCorp" time="44.618"/>
</testsuite> <!-- STPL_TestCases.CorpSelectTest -->
